Determining if the pthread_create exist failed with the following output:
Change Dir: /home/krithika/Documents/RoboticsSoftwareNanodegree/MapMyWorld/workspace4/catkin_ws/build/CMakeFiles/CMakeTmp

Run Build Command:"/usr/bin/make" "cmTC_5d113/fast"
/usr/bin/make -f CMakeFiles/cmTC_5d113.dir/build.make CMakeFiles/cmTC_5d113.dir/build
make[1]: Entering directory '/home/krithika/Documents/RoboticsSoftwareNanodegree/MapMyWorld/workspace4/catkin_ws/build/CMakeFiles/CMakeTmp'
Building C object CMakeFiles/cmTC_5d113.dir/CheckSymbolExists.c.o
/usr/lib/ccache/cc     -o CMakeFiles/cmTC_5d113.dir/CheckSymbolExists.c.o   -c /home/krithika/Documents/RoboticsSoftwareNanodegree/MapMyWorld/workspace4/catkin_ws/build/CMakeFiles/CMakeTmp/CheckSymbolExists.c
Linking C executable cmTC_5d113
/usr/bin/cmake -E cmake_link_script CMakeFiles/cmTC_5d113.dir/link.txt --verbose=1
/usr/lib/ccache/cc       CMakeFiles/cmTC_5d113.dir/CheckSymbolExists.c.o  -o cmTC_5d113 -rdynamic 
CMakeFiles/cmTC_5d113.dir/CheckSymbolExists.c.o: In function `main':
CheckSymbolExists.c:(.text+0x16): undefined reference to `pthread_create'
collect2: error: ld returned 1 exit status
CMakeFiles/cmTC_5d113.dir/build.make:97: recipe for target 'cmTC_5d113' failed
make[1]: *** [cmTC_5d113] Error 1
make[1]: Leaving directory '/home/krithika/Documents/RoboticsSoftwareNanodegree/MapMyWorld/workspace4/catkin_ws/build/CMakeFiles/CMakeTmp'
Makefile:126: recipe for target 'cmTC_5d113/fast' failed
make: *** [cmTC_5d113/fast] Error 2

File /home/krithika/Documents/RoboticsSoftwareNanodegree/MapMyWorld/workspace4/catkin_ws/build/CMakeFiles/CMakeTmp/CheckSymbolExists.c:
/* */
#include <pthread.h>

int main(int argc, char** argv)
{
  (void)argv;
#ifndef pthread_create
  return ((int*)(&pthread_create))[argc];
#else
  (void)argc;
  return 0;
#endif
}

Determining if the function pthread_create exists in the pthreads failed with the following output:
Change Dir: /home/krithika/Documents/RoboticsSoftwareNanodegree/MapMyWorld/workspace4/catkin_ws/build/CMakeFiles/CMakeTmp

Run Build Command:"/usr/bin/make" "cmTC_00443/fast"
/usr/bin/make -f CMakeFiles/cmTC_00443.dir/build.make CMakeFiles/cmTC_00443.dir/build
make[1]: Entering directory '/home/krithika/Documents/RoboticsSoftwareNanodegree/MapMyWorld/workspace4/catkin_ws/build/CMakeFiles/CMakeTmp'
Building C object CMakeFiles/cmTC_00443.dir/CheckFunctionExists.c.o
/usr/lib/ccache/cc    -DCHECK_FUNCTION_EXISTS=pthread_create   -o CMakeFiles/cmTC_00443.dir/CheckFunctionExists.c.o   -c /usr/share/cmake-3.5/Modules/CheckFunctionExists.c
Linking C executable cmTC_00443
/usr/bin/cmake -E cmake_link_script CMakeFiles/cmTC_00443.dir/link.txt --verbose=1
/usr/lib/ccache/cc   -DCHECK_FUNCTION_EXISTS=pthread_create    CMakeFiles/cmTC_00443.dir/CheckFunctionExists.c.o  -o cmTC_00443 -rdynamic -lpthreads 
/usr/bin/ld: cannot find -lpthreads
collect2: error: ld returned 1 exit status
CMakeFiles/cmTC_00443.dir/build.make:97: recipe for target 'cmTC_00443' failed
make[1]: *** [cmTC_00443] Error 1
make[1]: Leaving directory '/home/krithika/Documents/RoboticsSoftwareNanodegree/MapMyWorld/workspace4/catkin_ws/build/CMakeFiles/CMakeTmp'
Makefile:126: recipe for target 'cmTC_00443/fast' failed
make: *** [cmTC_00443/fast] Error 2


