Determining if the pthread_create exist failed with the following output:
Change Dir: /home/workspace/catkin_ws/build/CMakeFiles/CMakeTmp

Run Build Command:"/usr/bin/make" "cmTC_fbdfe/fast"
/usr/bin/make -f CMakeFiles/cmTC_fbdfe.dir/build.make CMakeFiles/cmTC_fbdfe.dir/build
make[1]: Entering directory '/home/workspace/catkin_ws/build/CMakeFiles/CMakeTmp'
Building C object CMakeFiles/cmTC_fbdfe.dir/CheckSymbolExists.c.o
/usr/bin/cc     -o CMakeFiles/cmTC_fbdfe.dir/CheckSymbolExists.c.o   -c /home/workspace/catkin_ws/build/CMakeFiles/CMakeTmp/CheckSymbolExists.c
Linking C executable cmTC_fbdfe
/usr/bin/cmake -E cmake_link_script CMakeFiles/cmTC_fbdfe.dir/link.txt --verbose=1
/usr/bin/cc       CMakeFiles/cmTC_fbdfe.dir/CheckSymbolExists.c.o  -o cmTC_fbdfe -rdynamic 
CMakeFiles/cmTC_fbdfe.dir/CheckSymbolExists.c.o: In function `main':
CheckSymbolExists.c:(.text+0x16): undefined reference to `pthread_create'
collect2: error: ld returned 1 exit status
CMakeFiles/cmTC_fbdfe.dir/build.make:97: recipe for target 'cmTC_fbdfe' failed
make[1]: *** [cmTC_fbdfe] Error 1
make[1]: Leaving directory '/home/workspace/catkin_ws/build/CMakeFiles/CMakeTmp'
Makefile:126: recipe for target 'cmTC_fbdfe/fast' failed
make: *** [cmTC_fbdfe/fast] Error 2

File /home/workspace/catkin_ws/build/CMakeFiles/CMakeTmp/CheckSymbolExists.c:
/* */
#include <pthread.h>

int main(int argc, char** argv)
{
  (void)argv;
#ifndef pthread_create
  return ((int*)(&pthread_create))[argc];
#else
  (void)argc;
  return 0;
#endif
}

Determining if the function pthread_create exists in the pthreads failed with the following output:
Change Dir: /home/workspace/catkin_ws/build/CMakeFiles/CMakeTmp

Run Build Command:"/usr/bin/make" "cmTC_4e647/fast"
/usr/bin/make -f CMakeFiles/cmTC_4e647.dir/build.make CMakeFiles/cmTC_4e647.dir/build
make[1]: Entering directory '/home/workspace/catkin_ws/build/CMakeFiles/CMakeTmp'
Building C object CMakeFiles/cmTC_4e647.dir/CheckFunctionExists.c.o
/usr/bin/cc    -DCHECK_FUNCTION_EXISTS=pthread_create   -o CMakeFiles/cmTC_4e647.dir/CheckFunctionExists.c.o   -c /usr/share/cmake-3.5/Modules/CheckFunctionExists.c
Linking C executable cmTC_4e647
/usr/bin/cmake -E cmake_link_script CMakeFiles/cmTC_4e647.dir/link.txt --verbose=1
/usr/bin/cc   -DCHECK_FUNCTION_EXISTS=pthread_create    CMakeFiles/cmTC_4e647.dir/CheckFunctionExists.c.o  -o cmTC_4e647 -rdynamic -lpthreads 
/usr/bin/ld: cannot find -lpthreads
collect2: error: ld returned 1 exit status
CMakeFiles/cmTC_4e647.dir/build.make:97: recipe for target 'cmTC_4e647' failed
make[1]: *** [cmTC_4e647] Error 1
make[1]: Leaving directory '/home/workspace/catkin_ws/build/CMakeFiles/CMakeTmp'
Makefile:126: recipe for target 'cmTC_4e647/fast' failed
make: *** [cmTC_4e647/fast] Error 2


