Determining if the pthread_create exist failed with the following output:
Change Dir: /home/krithika/Documents/RoboticsSoftwareNanodegree/WhereAmI/workspace3/catkin_ws/build/CMakeFiles/CMakeTmp

Run Build Command:"/usr/bin/make" "cmTC_5f99b/fast"
/usr/bin/make -f CMakeFiles/cmTC_5f99b.dir/build.make CMakeFiles/cmTC_5f99b.dir/build
make[1]: Entering directory '/home/krithika/Documents/RoboticsSoftwareNanodegree/WhereAmI/workspace3/catkin_ws/build/CMakeFiles/CMakeTmp'
Building C object CMakeFiles/cmTC_5f99b.dir/CheckSymbolExists.c.o
/usr/bin/cc     -o CMakeFiles/cmTC_5f99b.dir/CheckSymbolExists.c.o   -c /home/krithika/Documents/RoboticsSoftwareNanodegree/WhereAmI/workspace3/catkin_ws/build/CMakeFiles/CMakeTmp/CheckSymbolExists.c
Linking C executable cmTC_5f99b
/usr/bin/cmake -E cmake_link_script CMakeFiles/cmTC_5f99b.dir/link.txt --verbose=1
/usr/bin/cc       CMakeFiles/cmTC_5f99b.dir/CheckSymbolExists.c.o  -o cmTC_5f99b -rdynamic 
CMakeFiles/cmTC_5f99b.dir/CheckSymbolExists.c.o: In function `main':
CheckSymbolExists.c:(.text+0x16): undefined reference to `pthread_create'
collect2: error: ld returned 1 exit status
CMakeFiles/cmTC_5f99b.dir/build.make:97: recipe for target 'cmTC_5f99b' failed
make[1]: *** [cmTC_5f99b] Error 1
make[1]: Leaving directory '/home/krithika/Documents/RoboticsSoftwareNanodegree/WhereAmI/workspace3/catkin_ws/build/CMakeFiles/CMakeTmp'
Makefile:126: recipe for target 'cmTC_5f99b/fast' failed
make: *** [cmTC_5f99b/fast] Error 2

File /home/krithika/Documents/RoboticsSoftwareNanodegree/WhereAmI/workspace3/catkin_ws/build/CMakeFiles/CMakeTmp/CheckSymbolExists.c:
/* */
#include <pthread.h>

int main(int argc, char** argv)
{
  (void)argv;
#ifndef pthread_create
  return ((int*)(&pthread_create))[argc];
#else
  (void)argc;
  return 0;
#endif
}

Determining if the function pthread_create exists in the pthreads failed with the following output:
Change Dir: /home/krithika/Documents/RoboticsSoftwareNanodegree/WhereAmI/workspace3/catkin_ws/build/CMakeFiles/CMakeTmp

Run Build Command:"/usr/bin/make" "cmTC_83e78/fast"
/usr/bin/make -f CMakeFiles/cmTC_83e78.dir/build.make CMakeFiles/cmTC_83e78.dir/build
make[1]: Entering directory '/home/krithika/Documents/RoboticsSoftwareNanodegree/WhereAmI/workspace3/catkin_ws/build/CMakeFiles/CMakeTmp'
Building C object CMakeFiles/cmTC_83e78.dir/CheckFunctionExists.c.o
/usr/bin/cc    -DCHECK_FUNCTION_EXISTS=pthread_create   -o CMakeFiles/cmTC_83e78.dir/CheckFunctionExists.c.o   -c /usr/share/cmake-3.5/Modules/CheckFunctionExists.c
Linking C executable cmTC_83e78
/usr/bin/cmake -E cmake_link_script CMakeFiles/cmTC_83e78.dir/link.txt --verbose=1
/usr/bin/cc   -DCHECK_FUNCTION_EXISTS=pthread_create    CMakeFiles/cmTC_83e78.dir/CheckFunctionExists.c.o  -o cmTC_83e78 -rdynamic -lpthreads 
/usr/bin/ld: cannot find -lpthreads
collect2: error: ld returned 1 exit status
CMakeFiles/cmTC_83e78.dir/build.make:97: recipe for target 'cmTC_83e78' failed
make[1]: *** [cmTC_83e78] Error 1
make[1]: Leaving directory '/home/krithika/Documents/RoboticsSoftwareNanodegree/WhereAmI/workspace3/catkin_ws/build/CMakeFiles/CMakeTmp'
Makefile:126: recipe for target 'cmTC_83e78/fast' failed
make: *** [cmTC_83e78/fast] Error 2


